<?xml version="1.0" encoding="UTF-8" ?>
<testsuite failures="0" time="0" errors="0" skipped="0" tests="1" name="com.ctfo.storage.dispatch.io.IoClientTest">
  <properties>
    <property name="java.runtime.name" value="Java(TM) SE Runtime Environment"/>
    <property name="sun.boot.library.path" value="C:\Program Files\jdk6\jre\bin"/>
    <property name="java.vm.version" value="11.2-b01"/>
    <property name="java.vm.vendor" value="Sun Microsystems Inc."/>
    <property name="java.vendor.url" value="http://java.sun.com/"/>
    <property name="path.separator" value=";"/>
    <property name="java.vm.name" value="Java HotSpot(TM) Client VM"/>
    <property name="file.encoding.pkg" value="sun.io"/>
    <property name="user.country" value="CN"/>
    <property name="sun.java.launcher" value="SUN_STANDARD"/>
    <property name="sun.os.patch.level" value="Service Pack 1"/>
    <property name="java.vm.specification.name" value="Java Virtual Machine Specification"/>
    <property name="user.dir" value="E:\dispatch"/>
    <property name="java.runtime.version" value="1.6.0_12-b04"/>
    <property name="java.awt.graphicsenv" value="sun.awt.Win32GraphicsEnvironment"/>
    <property name="basedir" value="E:\dispatch"/>
    <property name="java.endorsed.dirs" value="C:\Program Files\jdk6\jre\lib\endorsed"/>
    <property name="os.arch" value="x86"/>
    <property name="surefire.real.class.path" value="C:\Users\fanta\AppData\Local\Temp\surefirebooter6908359277433825319.jar"/>
    <property name="java.io.tmpdir" value="C:\Users\fanta\AppData\Local\Temp\"/>
    <property name="line.separator" value="
"/>
    <property name="java.vm.specification.vendor" value="Sun Microsystems Inc."/>
    <property name="user.variant" value=""/>
    <property name="os.name" value="Windows Vista"/>
    <property name="sun.jnu.encoding" value="GBK"/>
    <property name="java.library.path" value="C:\Program Files\jdk6\jre\bin;.;C:\Windows\Sun\Java\bin;C:\Windows\system32;C:\Windows;C:/Program Files/jdk6/bin/../jre/bin/client;C:/Program Files/jdk6/bin/../jre/bin;C:/Program Files/jdk6/bin/../jre/lib/i386;C:\Program Files\Common Files\NetSarang;C:\Program Files\NVIDIA Corporation\PhysX\Common;C:\Windows\system32;C:\Windows;C:\Windows\System32\Wbem;C:\Windows\System32\WindowsPowerShell\v1.0\;C:\Program Files\jdk6\bin;C:\Program Files\jdk6\jre\bin;D:\apache-maven-2.2.1\bin;D:\Oracle\product\10.1.0\Client_2\bin;D:\Oracle\product\10.1.0\Client_2\jre\1.4.2\bin\client;D:\Oracle\product\10.1.0\Client_2\jre\1.4.2\bin;;D:\eclipse;"/>
    <property name="surefire.test.class.path" value="E:\dispatch\target\test-classes;E:\dispatch\target\classes;C:\Users\fanta\.m2\repository\junit\junit\4.4\junit-4.4.jar;C:\Users\fanta\.m2\repository\org\slf4j\slf4j-api\1.7.6\slf4j-api-1.7.6.jar;C:\Users\fanta\.m2\repository\ch\qos\logback\logback-core\1.1.2\logback-core-1.1.2.jar;C:\Users\fanta\.m2\repository\ch\qos\logback\logback-classic\1.1.2\logback-classic-1.1.2.jar;C:\Users\fanta\.m2\repository\dom4j\dom4j\1.6.1\dom4j-1.6.1.jar;C:\Users\fanta\.m2\repository\xml-apis\xml-apis\1.0.b2\xml-apis-1.0.b2.jar;C:\Users\fanta\.m2\repository\com\alibaba\druid\1.0.2\druid-1.0.2.jar;C:\Users\fanta\.m2\repository\redis\clients\jedis\2.4.2\jedis-2.4.2.jar;C:\Users\fanta\.m2\repository\org\apache\commons\commons-pool2\2.0\commons-pool2-2.0.jar;C:\Users\fanta\.m2\repository\mysql\mysql-connector-java\5.1.30\mysql-connector-java-5.1.30.jar;C:\Users\fanta\.m2\repository\org\apache\mina\mina-core\2.0.7\mina-core-2.0.7.jar;C:\Users\fanta\.m2\repository\com\alibaba\fastjson\1.1.36\fastjson-1.1.36.jar;C:\Users\fanta\.m2\repository\org\apache\commons\commons-lang3\3.3.2\commons-lang3-3.3.2.jar;"/>
    <property name="java.specification.name" value="Java Platform API Specification"/>
    <property name="java.class.version" value="50.0"/>
    <property name="sun.management.compiler" value="HotSpot Client Compiler"/>
    <property name="os.version" value="6.1"/>
    <property name="user.home" value="C:\Users\fanta"/>
    <property name="user.timezone" value="Asia/Shanghai"/>
    <property name="java.awt.printerjob" value="sun.awt.windows.WPrinterJob"/>
    <property name="java.specification.version" value="1.6"/>
    <property name="file.encoding" value="GBK"/>
    <property name="user.name" value="fanta"/>
    <property name="java.class.path" value="E:\dispatch\target\test-classes;E:\dispatch\target\classes;C:\Users\fanta\.m2\repository\junit\junit\4.4\junit-4.4.jar;C:\Users\fanta\.m2\repository\org\slf4j\slf4j-api\1.7.6\slf4j-api-1.7.6.jar;C:\Users\fanta\.m2\repository\ch\qos\logback\logback-core\1.1.2\logback-core-1.1.2.jar;C:\Users\fanta\.m2\repository\ch\qos\logback\logback-classic\1.1.2\logback-classic-1.1.2.jar;C:\Users\fanta\.m2\repository\dom4j\dom4j\1.6.1\dom4j-1.6.1.jar;C:\Users\fanta\.m2\repository\xml-apis\xml-apis\1.0.b2\xml-apis-1.0.b2.jar;C:\Users\fanta\.m2\repository\com\alibaba\druid\1.0.2\druid-1.0.2.jar;C:\Users\fanta\.m2\repository\redis\clients\jedis\2.4.2\jedis-2.4.2.jar;C:\Users\fanta\.m2\repository\org\apache\commons\commons-pool2\2.0\commons-pool2-2.0.jar;C:\Users\fanta\.m2\repository\mysql\mysql-connector-java\5.1.30\mysql-connector-java-5.1.30.jar;C:\Users\fanta\.m2\repository\org\apache\mina\mina-core\2.0.7\mina-core-2.0.7.jar;C:\Users\fanta\.m2\repository\com\alibaba\fastjson\1.1.36\fastjson-1.1.36.jar;C:\Users\fanta\.m2\repository\org\apache\commons\commons-lang3\3.3.2\commons-lang3-3.3.2.jar;"/>
    <property name="java.vm.specification.version" value="1.0"/>
    <property name="sun.arch.data.model" value="32"/>
    <property name="java.home" value="C:\Program Files\jdk6\jre"/>
    <property name="java.specification.vendor" value="Sun Microsystems Inc."/>
    <property name="user.language" value="zh"/>
    <property name="awt.toolkit" value="sun.awt.windows.WToolkit"/>
    <property name="java.vm.info" value="mixed mode, sharing"/>
    <property name="java.version" value="1.6.0_12"/>
    <property name="java.ext.dirs" value="C:\Program Files\jdk6\jre\lib\ext;C:\Windows\Sun\Java\lib\ext"/>
    <property name="sun.boot.class.path" value="C:\Program Files\jdk6\jre\lib\resources.jar;C:\Program Files\jdk6\jre\lib\rt.jar;C:\Program Files\jdk6\jre\lib\sunrsasign.jar;C:\Program Files\jdk6\jre\lib\jsse.jar;C:\Program Files\jdk6\jre\lib\jce.jar;C:\Program Files\jdk6\jre\lib\charsets.jar;C:\Program Files\jdk6\jre\classes"/>
    <property name="java.vendor" value="Sun Microsystems Inc."/>
    <property name="localRepository" value="C:\Users\fanta\.m2\repository"/>
    <property name="file.separator" value="\"/>
    <property name="java.vendor.url.bug" value="http://java.sun.com/cgi-bin/bugreport.cgi"/>
    <property name="sun.cpu.endian" value="little"/>
    <property name="sun.io.unicode.encoding" value="UnicodeLittle"/>
    <property name="sun.desktop" value="windows"/>
    <property name="sun.cpu.isalist" value="pentium_pro+mmx pentium_pro pentium+mmx pentium i486 i386 i86"/>
  </properties>
  <testcase time="0" classname="com.ctfo.storage.dispatch.io.IoClientTest" name="testConnect"/>
</testsuite>